<html>
<body>
<pre>
<h1>µVision Build Log</h1>
<h2>Tool Versions:</h2>
IDE-Version: ¶ÃVision V5.41.0.0
Copyright (C) 2024 ARM Ltd and ARM Germany GmbH. All rights reserved.
License Information: 1 3276272583@qq.com, 11, LIC=FYKYW-QNFD7-QDZKD-8HTTW-B7KGR-03RXA
 
Tool Versions:
Toolchain:       MDK-ARM Plus  Version: 5.41.0.0
Toolchain Path:  D:\keil5\ARM\ARMCOMPLIER506\Bin
C Compiler:      Armcc.exe V5.06 update 7 (build 960)
Assembler:       Armasm.exe V5.06 update 7 (build 960)
Linker/Locator:  ArmLink.exe V5.06 update 7 (build 960)
Library Manager: ArmAr.exe V5.06 update 7 (build 960)
Hex Converter:   FromElf.exe V5.06 update 7 (build 960)
CPU DLL:         SARMCM3.DLL V5.41.0.0
Dialog DLL:      DCM.DLL V1.17.5.0
Target DLL:      CMSIS_AGDI.dll V1.33.21.0
Dialog DLL:      TCM.DLL V1.56.4.0
 
<h2>Project:</h2>
D:\project\MyRM\MDK-ARM\MyRM.uvprojx
Project File Date:  10/12/2025

<h2>Output:</h2>
*** Using Compiler 'V5.06 update 7 (build 960)', folder: 'D:\keil5\ARM\ARMCOMPLIER506\Bin'
Rebuild target 'MyRM'
Note: source file '..\Hardware\Hardware_Remote.c' - object file renamed from 'MyRM\Hardware_Remote.o' to 'MyRM\hardware_remote_1.o'.
assembling startup_stm32f407xx.s...
compiling stm32f4xx_hal_rcc_ex.c...
compiling usart.c...
compiling stm32f4xx_hal_gpio.c...
compiling gpio.c...
compiling can.c...
compiling stm32f4xx_hal_rcc.c...
compiling iwdg.c...
compiling dma.c...
compiling stm32f4xx_hal_msp.c...
compiling main.c...
../Core/Src/main.c(136): warning:  #177-D: variable "data"  was declared but never referenced
      uint8_t data = 0x63;
../Core/Src/main.c: 1 warning, 0 errors
compiling stm32f4xx_it.c...
compiling stm32f4xx_hal_flash_ex.c...
compiling stm32f4xx_hal_flash.c...
compiling stm32f4xx_hal_flash_ramfunc.c...
compiling tim.c...
compiling stm32f4xx_hal_can.c...
compiling BSP_Buzzer.c...
compiling BSP_led.c...
compiling stm32f4xx_hal_pwr.c...
compiling stm32f4xx_hal_dma.c...
compiling system_stm32f4xx.c...
compiling stm32f4xx_hal_dma_ex.c...
compiling stm32f4xx_hal_tim_ex.c...
compiling stm32f4xx_hal.c...
compiling stm32f4xx_hal_cortex.c...
compiling Hardware_Remote.c...
..\Hardware\Hardware_Remote.c(84): warning:  #223-D: function "HAL_USART_Receive_DMA" declared implicitly
    HAL_USART_Receive_DMA(&huart3, rxBuffer, bufferSize);	// ‰ΩøËÉΩ‰∏≤Âè£USART3ÁöÑDMAÊé•Êî∂ËØ∑Ê±Ç
..\Hardware\Hardware_Remote.c(84): error:  #20: identifier "rxBuffer" is undefined
    HAL_USART_Receive_DMA(&huart3, rxBuffer, bufferSize);	// ‰ΩøËÉΩ‰∏≤Âè£USART3ÁöÑDMAÊé•Êî∂ËØ∑Ê±Ç
..\Hardware\Hardware_Remote.c(84): error:  #20: identifier "bufferSize" is undefined
    HAL_USART_Receive_DMA(&huart3, rxBuffer, bufferSize);	// ‰ΩøËÉΩ‰∏≤Âè£USART3ÁöÑDMAÊé•Êî∂ËØ∑Ê±Ç
..\Hardware\Hardware_Remote.c(85): warning:  #223-D: function "HAL_UART_Start" declared implicitly
    HAL_UART_Start(&huart3);                      		// ÂêØÂä®USART3
..\Hardware\Hardware_Remote.c(88): warning:  #223-D: function "HAL_IWDG_Start" declared implicitly
    HAL_IWDG_Start(&hiwdg);                       		// ÂêØÂä®Áã¨Á´ãÁúãÈó®Áã?
..\Hardware\Hardware_Remote.c(93): warning:  #223-D: function "HAL_USART_Init" declared implicitly
    HAL_USART_Init(&huart3); // ÂàùÂßãÂåñUSART3
..\Hardware\Hardware_Remote.c(98): warning:  #223-D: function "HAL_USART_DeInit" declared implicitly
    HAL_USART_DeInit(&huart3); // ÂèçÂàùÂßãÂåñUSART3
..\Hardware\Hardware_Remote.c: 5 warnings, 2 errors
compiling stm32f4xx_hal_tim.c...
compiling stm32f4xx_hal_pwr_ex.c...
compiling BSP_UART.c...
compiling stm32f4xx_hal_exti.c...
compiling stm32f4xx_hal_iwdg.c...
compiling PID.c...
compiling BSP_CAN.c...
..\BSP\BSP_CAN.c(110): warning:  #940-D: missing return statement at end of non-void function "CAN1_Receive" 
  }
..\BSP\BSP_CAN.c(126): warning:  #940-D: missing return statement at end of non-void function "CAN2_Receive" 
  }
..\BSP\BSP_CAN.c(141): warning:  #940-D: missing return statement at end of non-void function "CAN1_Transmit" 
  }
..\BSP\BSP_CAN.c(155): warning:  #940-D: missing return statement at end of non-void function "CAN2_Transmit" 
  }
..\BSP\BSP_CAN.c(202): warning:  #1-D: last line of file ends without a newline
  // }
..\BSP\BSP_CAN.c: 5 warnings, 0 errors
compiling stm32f4xx_hal_uart.c...
"MyRM\MyRM.axf" - 2 Error(s), 11 Warning(s).

<h2>Software Packages used:</h2>

Package Vendor: ARM
                https://www.keil.com/pack/ARM.CMSIS.6.1.0.pack
                ARM::CMSIS@6.1.0
                CMSIS (Common Microcontroller Software Interface Standard)
   * Component: CORE Version: 6.1.0

Package Vendor: Keil
                https://www.keil.com/pack/Keil.STM32F4xx_DFP.3.0.0.pack
                Keil::STM32F4xx_DFP@3.0.0
                STMicroelectronics STM32F4 Series Device Support

<h2>Collection of Component include folders:</h2>
  ./RTE/_MyRM
  D:/keil5/ARM/pack/ARM/CMSIS/6.1.0/CMSIS/Core/Include

<h2>Collection of Component Files used:</h2>

   * Component: ARM::CMSIS:CORE@6.1.0
      Include file:  CMSIS/Core/Include/tz_context.h
Target not created.
Build Time Elapsed:  00:00:18
</pre>
</body>
</html>
